00:46:44.485 [main]  INFO  com.intuit.karate - Karate version: 1.2.0
00:46:46.010 [main]  ERROR com.intuit.karate - src/test/java/Features/PetStore/Pet.feature:9
* def body = read ('classpath:data/request/file_boy.json')
js failed:
>>>>
01: read ('classpath:data/request/file_boy.json')
<<<<
org.graalvm.polyglot.PolyglotException: not found: data/request/file_boy.json
- com.intuit.karate.resource.ResourceUtils.getResource(ResourceUtils.java:118)
- com.intuit.karate.core.ScenarioFileReader.toResource(ScenarioFileReader.java:128)
- com.intuit.karate.core.ScenarioFileReader.readFileAsStream(ScenarioFileReader.java:102)
- com.intuit.karate.core.ScenarioFileReader.readFileAsString(ScenarioFileReader.java:98)
- com.intuit.karate.core.ScenarioFileReader.readFile(ScenarioFileReader.java:56)
- com.intuit.karate.core.ScenarioEngine.lambda$new$0(ScenarioEngine.java:129)
- <js>.:program(Unnamed:1)

src/test/java/Features/PetStore/Pet.feature:9
00:46:46.044 [main]  ERROR com.intuit.karate - src/test/java/Features/PetStore/Pet.feature:20
* def body = read ('classpath:data/request/file_boy.json')
js failed:
>>>>
01: read ('classpath:data/request/file_boy.json')
<<<<
org.graalvm.polyglot.PolyglotException: not found: data/request/file_boy.json
- com.intuit.karate.resource.ResourceUtils.getResource(ResourceUtils.java:118)
- com.intuit.karate.core.ScenarioFileReader.toResource(ScenarioFileReader.java:128)
- com.intuit.karate.core.ScenarioFileReader.readFileAsStream(ScenarioFileReader.java:102)
- com.intuit.karate.core.ScenarioFileReader.readFileAsString(ScenarioFileReader.java:98)
- com.intuit.karate.core.ScenarioFileReader.readFile(ScenarioFileReader.java:56)
- com.intuit.karate.core.ScenarioEngine.lambda$new$0(ScenarioEngine.java:129)
- <js>.:program(Unnamed:1)

src/test/java/Features/PetStore/Pet.feature:20
00:46:46.055 [main]  ERROR com.intuit.karate - src/test/java/Features/PetStore/Pet.feature:30
* def body = read ('classpath:data/request/file_boy.json')
js failed:
>>>>
01: read ('classpath:data/request/file_boy.json')
<<<<
org.graalvm.polyglot.PolyglotException: not found: data/request/file_boy.json
- com.intuit.karate.resource.ResourceUtils.getResource(ResourceUtils.java:118)
- com.intuit.karate.core.ScenarioFileReader.toResource(ScenarioFileReader.java:128)
- com.intuit.karate.core.ScenarioFileReader.readFileAsStream(ScenarioFileReader.java:102)
- com.intuit.karate.core.ScenarioFileReader.readFileAsString(ScenarioFileReader.java:98)
- com.intuit.karate.core.ScenarioFileReader.readFile(ScenarioFileReader.java:56)
- com.intuit.karate.core.ScenarioEngine.lambda$new$0(ScenarioEngine.java:129)
- <js>.:program(Unnamed:1)

src/test/java/Features/PetStore/Pet.feature:30
00:46:46.099 [main]  ERROR com.intuit.karate - src/test/java/Features/PetStore/Pet.feature:43
* def body = read ('classpath:data/request/file_boy.json')
js failed:
>>>>
01: read ('classpath:data/request/file_boy.json')
<<<<
org.graalvm.polyglot.PolyglotException: not found: data/request/file_boy.json
- com.intuit.karate.resource.ResourceUtils.getResource(ResourceUtils.java:118)
- com.intuit.karate.core.ScenarioFileReader.toResource(ScenarioFileReader.java:128)
- com.intuit.karate.core.ScenarioFileReader.readFileAsStream(ScenarioFileReader.java:102)
- com.intuit.karate.core.ScenarioFileReader.readFileAsString(ScenarioFileReader.java:98)
- com.intuit.karate.core.ScenarioFileReader.readFile(ScenarioFileReader.java:56)
- com.intuit.karate.core.ScenarioEngine.lambda$new$0(ScenarioEngine.java:129)
- <js>.:program(Unnamed:1)

src/test/java/Features/PetStore/Pet.feature:43
00:46:47.119 [main]  INFO  com.intuit.karate.Suite - <<fail>> feature 1 of 1 (0 remaining) src/test/java/Features/PetStore/Pet.feature
00:52:00.157 [main]  INFO  com.intuit.karate - Karate version: 1.2.0
00:52:00.452 [main]  INFO  com.intuit.karate.Suite - backed up existing 'target\karate-reports' dir to: target\karate-reports_1684302720450
00:52:01.496 [main]  ERROR com.intuit.karate - src/test/java/Features/PetStore/Pet.feature:9
* def body = read ('classpath:data/request/file_boy.json')
js failed:
>>>>
01: read ('classpath:data/request/file_boy.json')
<<<<
org.graalvm.polyglot.PolyglotException: not found: data/request/file_boy.json
- com.intuit.karate.resource.ResourceUtils.getResource(ResourceUtils.java:118)
- com.intuit.karate.core.ScenarioFileReader.toResource(ScenarioFileReader.java:128)
- com.intuit.karate.core.ScenarioFileReader.readFileAsStream(ScenarioFileReader.java:102)
- com.intuit.karate.core.ScenarioFileReader.readFileAsString(ScenarioFileReader.java:98)
- com.intuit.karate.core.ScenarioFileReader.readFile(ScenarioFileReader.java:56)
- com.intuit.karate.core.ScenarioEngine.lambda$new$0(ScenarioEngine.java:129)
- <js>.:program(Unnamed:1)

src/test/java/Features/PetStore/Pet.feature:9
00:52:01.539 [main]  ERROR com.intuit.karate - src/test/java/Features/PetStore/Pet.feature:20
* def body = read ('classpath:data/request/file_boy.json')
js failed:
>>>>
01: read ('classpath:data/request/file_boy.json')
<<<<
org.graalvm.polyglot.PolyglotException: not found: data/request/file_boy.json
- com.intuit.karate.resource.ResourceUtils.getResource(ResourceUtils.java:118)
- com.intuit.karate.core.ScenarioFileReader.toResource(ScenarioFileReader.java:128)
- com.intuit.karate.core.ScenarioFileReader.readFileAsStream(ScenarioFileReader.java:102)
- com.intuit.karate.core.ScenarioFileReader.readFileAsString(ScenarioFileReader.java:98)
- com.intuit.karate.core.ScenarioFileReader.readFile(ScenarioFileReader.java:56)
- com.intuit.karate.core.ScenarioEngine.lambda$new$0(ScenarioEngine.java:129)
- <js>.:program(Unnamed:1)

src/test/java/Features/PetStore/Pet.feature:20
00:52:01.555 [main]  ERROR com.intuit.karate - src/test/java/Features/PetStore/Pet.feature:30
* def body = read ('classpath:data/request/file_boy.json')
js failed:
>>>>
01: read ('classpath:data/request/file_boy.json')
<<<<
org.graalvm.polyglot.PolyglotException: not found: data/request/file_boy.json
- com.intuit.karate.resource.ResourceUtils.getResource(ResourceUtils.java:118)
- com.intuit.karate.core.ScenarioFileReader.toResource(ScenarioFileReader.java:128)
- com.intuit.karate.core.ScenarioFileReader.readFileAsStream(ScenarioFileReader.java:102)
- com.intuit.karate.core.ScenarioFileReader.readFileAsString(ScenarioFileReader.java:98)
- com.intuit.karate.core.ScenarioFileReader.readFile(ScenarioFileReader.java:56)
- com.intuit.karate.core.ScenarioEngine.lambda$new$0(ScenarioEngine.java:129)
- <js>.:program(Unnamed:1)

src/test/java/Features/PetStore/Pet.feature:30
00:52:01.613 [main]  ERROR com.intuit.karate - src/test/java/Features/PetStore/Pet.feature:43
* def body = read ('classpath:data/request/file_boy.json')
js failed:
>>>>
01: read ('classpath:data/request/file_boy.json')
<<<<
org.graalvm.polyglot.PolyglotException: not found: data/request/file_boy.json
- com.intuit.karate.resource.ResourceUtils.getResource(ResourceUtils.java:118)
- com.intuit.karate.core.ScenarioFileReader.toResource(ScenarioFileReader.java:128)
- com.intuit.karate.core.ScenarioFileReader.readFileAsStream(ScenarioFileReader.java:102)
- com.intuit.karate.core.ScenarioFileReader.readFileAsString(ScenarioFileReader.java:98)
- com.intuit.karate.core.ScenarioFileReader.readFile(ScenarioFileReader.java:56)
- com.intuit.karate.core.ScenarioEngine.lambda$new$0(ScenarioEngine.java:129)
- <js>.:program(Unnamed:1)

src/test/java/Features/PetStore/Pet.feature:43
00:52:02.609 [main]  INFO  com.intuit.karate.Suite - <<fail>> feature 1 of 1 (0 remaining) src/test/java/Features/PetStore/Pet.feature
00:53:46.822 [main]  INFO  com.intuit.karate - Karate version: 1.2.0
00:53:47.116 [main]  INFO  com.intuit.karate.Suite - backed up existing 'target\karate-reports' dir to: target\karate-reports_1684302827113
00:53:48.086 [main]  ERROR com.intuit.karate - src/test/java/Features/PetStore/Pet.feature:9
* def body = read ('classpath:data/request/file_body.json')
js failed:
>>>>
01: read ('classpath:data/request/file_body.json')
<<<<
org.graalvm.polyglot.PolyglotException: not found: data/request/file_body.json
- com.intuit.karate.resource.ResourceUtils.getResource(ResourceUtils.java:118)
- com.intuit.karate.core.ScenarioFileReader.toResource(ScenarioFileReader.java:128)
- com.intuit.karate.core.ScenarioFileReader.readFileAsStream(ScenarioFileReader.java:102)
- com.intuit.karate.core.ScenarioFileReader.readFileAsString(ScenarioFileReader.java:98)
- com.intuit.karate.core.ScenarioFileReader.readFile(ScenarioFileReader.java:56)
- com.intuit.karate.core.ScenarioEngine.lambda$new$0(ScenarioEngine.java:129)
- <js>.:program(Unnamed:1)

src/test/java/Features/PetStore/Pet.feature:9
00:53:48.147 [main]  ERROR com.intuit.karate - src/test/java/Features/PetStore/Pet.feature:20
* def body = read ('classpath:data/request/file_body.json')
js failed:
>>>>
01: read ('classpath:data/request/file_body.json')
<<<<
org.graalvm.polyglot.PolyglotException: not found: data/request/file_body.json
- com.intuit.karate.resource.ResourceUtils.getResource(ResourceUtils.java:118)
- com.intuit.karate.core.ScenarioFileReader.toResource(ScenarioFileReader.java:128)
- com.intuit.karate.core.ScenarioFileReader.readFileAsStream(ScenarioFileReader.java:102)
- com.intuit.karate.core.ScenarioFileReader.readFileAsString(ScenarioFileReader.java:98)
- com.intuit.karate.core.ScenarioFileReader.readFile(ScenarioFileReader.java:56)
- com.intuit.karate.core.ScenarioEngine.lambda$new$0(ScenarioEngine.java:129)
- <js>.:program(Unnamed:1)

src/test/java/Features/PetStore/Pet.feature:20
00:53:48.168 [main]  ERROR com.intuit.karate - src/test/java/Features/PetStore/Pet.feature:30
* def body = read ('classpath:data/request/file_body.json')
js failed:
>>>>
01: read ('classpath:data/request/file_body.json')
<<<<
org.graalvm.polyglot.PolyglotException: not found: data/request/file_body.json
- com.intuit.karate.resource.ResourceUtils.getResource(ResourceUtils.java:118)
- com.intuit.karate.core.ScenarioFileReader.toResource(ScenarioFileReader.java:128)
- com.intuit.karate.core.ScenarioFileReader.readFileAsStream(ScenarioFileReader.java:102)
- com.intuit.karate.core.ScenarioFileReader.readFileAsString(ScenarioFileReader.java:98)
- com.intuit.karate.core.ScenarioFileReader.readFile(ScenarioFileReader.java:56)
- com.intuit.karate.core.ScenarioEngine.lambda$new$0(ScenarioEngine.java:129)
- <js>.:program(Unnamed:1)

src/test/java/Features/PetStore/Pet.feature:30
00:53:48.234 [main]  ERROR com.intuit.karate - src/test/java/Features/PetStore/Pet.feature:43
* def body = read ('classpath:data/request/file_body.json')
js failed:
>>>>
01: read ('classpath:data/request/file_body.json')
<<<<
org.graalvm.polyglot.PolyglotException: not found: data/request/file_body.json
- com.intuit.karate.resource.ResourceUtils.getResource(ResourceUtils.java:118)
- com.intuit.karate.core.ScenarioFileReader.toResource(ScenarioFileReader.java:128)
- com.intuit.karate.core.ScenarioFileReader.readFileAsStream(ScenarioFileReader.java:102)
- com.intuit.karate.core.ScenarioFileReader.readFileAsString(ScenarioFileReader.java:98)
- com.intuit.karate.core.ScenarioFileReader.readFile(ScenarioFileReader.java:56)
- com.intuit.karate.core.ScenarioEngine.lambda$new$0(ScenarioEngine.java:129)
- <js>.:program(Unnamed:1)

src/test/java/Features/PetStore/Pet.feature:43
00:53:49.225 [main]  INFO  com.intuit.karate.Suite - <<fail>> feature 1 of 1 (0 remaining) src/test/java/Features/PetStore/Pet.feature
00:58:33.977 [main]  INFO  com.intuit.karate - Karate version: 1.2.0
00:58:34.311 [main]  INFO  com.intuit.karate.Suite - backed up existing 'target\karate-reports' dir to: target\karate-reports_1684303114309
00:58:35.326 [main]  ERROR com.intuit.karate - src/test/java/Features/PetStore/Pet.feature:10
Given url petstore
js failed:
>>>>
01: petstore
<<<<
org.graalvm.polyglot.PolyglotException: ReferenceError: "petstore" is not defined
- <js>.:program(Unnamed:1)

src/test/java/Features/PetStore/Pet.feature:10
00:58:35.337 [main]  ERROR com.intuit.karate - src/test/java/Features/PetStore/Pet.feature:21
Given url petstore
js failed:
>>>>
01: petstore
<<<<
org.graalvm.polyglot.PolyglotException: ReferenceError: "petstore" is not defined
- <js>.:program(Unnamed:1)

src/test/java/Features/PetStore/Pet.feature:21
00:58:35.357 [main]  ERROR com.intuit.karate - src/test/java/Features/PetStore/Pet.feature:31
* body.name = new_name
js failed:
>>>>
01: body.name = new_name
<<<<
org.graalvm.polyglot.PolyglotException: TypeError: Cannot set property "name" of null
- <js>.:program(Unnamed:1)

src/test/java/Features/PetStore/Pet.feature:31
00:58:35.406 [main]  ERROR com.intuit.karate - src/test/java/Features/PetStore/Pet.feature:44
* body.name = new_name
js failed:
>>>>
01: body.name = new_name
<<<<
org.graalvm.polyglot.PolyglotException: ReferenceError: "new_name" is not defined
- <js>.:program(Unnamed:1)

src/test/java/Features/PetStore/Pet.feature:44
00:58:36.372 [main]  INFO  com.intuit.karate.Suite - <<fail>> feature 1 of 1 (0 remaining) src/test/java/Features/PetStore/Pet.feature
01:01:16.303 [main]  INFO  com.intuit.karate - Karate version: 1.2.0
01:01:16.666 [main]  INFO  com.intuit.karate.Suite - backed up existing 'target\karate-reports' dir to: target\karate-reports_1684303276663
01:01:17.801 [main]  ERROR com.intuit.karate - src/test/java/Features/PetStore/Pet.feature:10
Given url petStore
js failed:
>>>>
01: petStore
<<<<
org.graalvm.polyglot.PolyglotException: ReferenceError: "petStore" is not defined
- <js>.:program(Unnamed:1)

src/test/java/Features/PetStore/Pet.feature:10
01:01:17.812 [main]  ERROR com.intuit.karate - src/test/java/Features/PetStore/Pet.feature:21
Given url petStore
js failed:
>>>>
01: petStore
<<<<
org.graalvm.polyglot.PolyglotException: ReferenceError: "petStore" is not defined
- <js>.:program(Unnamed:1)

src/test/java/Features/PetStore/Pet.feature:21
01:01:17.837 [main]  ERROR com.intuit.karate - src/test/java/Features/PetStore/Pet.feature:31
* body.name = new_name
js failed:
>>>>
01: body.name = new_name
<<<<
org.graalvm.polyglot.PolyglotException: TypeError: Cannot set property "name" of null
- <js>.:program(Unnamed:1)

src/test/java/Features/PetStore/Pet.feature:31
01:01:17.902 [main]  ERROR com.intuit.karate - src/test/java/Features/PetStore/Pet.feature:44
* body.name = new_name
js failed:
>>>>
01: body.name = new_name
<<<<
org.graalvm.polyglot.PolyglotException: ReferenceError: "new_name" is not defined
- <js>.:program(Unnamed:1)

src/test/java/Features/PetStore/Pet.feature:44
01:01:18.904 [main]  INFO  com.intuit.karate.Suite - <<fail>> feature 1 of 1 (0 remaining) src/test/java/Features/PetStore/Pet.feature
01:02:17.376 [main]  INFO  com.intuit.karate - Karate version: 1.2.0
01:02:17.637 [main]  INFO  com.intuit.karate.Suite - backed up existing 'target\karate-reports' dir to: target\karate-reports_1684303337635
01:02:19.119 [main]  ERROR com.intuit.karate - org.apache.http.ProtocolException: Target host is not specified, http call failed after 513 milliseconds for url: /v2/pet
01:02:19.123 [main]  ERROR com.intuit.karate - src/test/java/Features/PetStore/Pet.feature:13
When method POST
http call failed after 513 milliseconds for url: /v2/pet
src/test/java/Features/PetStore/Pet.feature:13
01:02:19.146 [main]  ERROR com.intuit.karate - src/test/java/Features/PetStore/Pet.feature:21
Given url petStore
js failed:
>>>>
01: petStore
<<<<
org.graalvm.polyglot.PolyglotException: ReferenceError: "petStore" is not defined
- <js>.:program(Unnamed:1)

src/test/java/Features/PetStore/Pet.feature:21
01:02:19.160 [main]  ERROR com.intuit.karate - src/test/java/Features/PetStore/Pet.feature:31
* body.name = new_name
js failed:
>>>>
01: body.name = new_name
<<<<
org.graalvm.polyglot.PolyglotException: TypeError: Cannot set property "name" of null
- <js>.:program(Unnamed:1)

src/test/java/Features/PetStore/Pet.feature:31
01:02:19.214 [main]  ERROR com.intuit.karate - src/test/java/Features/PetStore/Pet.feature:44
* body.name = new_name
js failed:
>>>>
01: body.name = new_name
<<<<
org.graalvm.polyglot.PolyglotException: ReferenceError: "new_name" is not defined
- <js>.:program(Unnamed:1)

src/test/java/Features/PetStore/Pet.feature:44
01:02:20.073 [main]  INFO  com.intuit.karate.Suite - <<fail>> feature 1 of 1 (0 remaining) src/test/java/Features/PetStore/Pet.feature
01:02:50.956 [main]  INFO  com.intuit.karate - Karate version: 1.2.0
01:02:51.267 [main]  INFO  com.intuit.karate.Suite - backed up existing 'target\karate-reports' dir to: target\karate-reports_1684303371265
01:02:52.748 [main]  ERROR com.intuit.karate - org.apache.http.ProtocolException: Target host is not specified, http call failed after 550 milliseconds for url: /v2/pet
01:02:52.749 [main]  ERROR com.intuit.karate - src/test/java/Features/PetStore/Pet.feature:13
When method POST
http call failed after 550 milliseconds for url: /v2/pet
src/test/java/Features/PetStore/Pet.feature:13
01:02:52.785 [main]  ERROR com.intuit.karate - src/test/java/Features/PetStore/Pet.feature:22
And path pet, body.id
js failed:
>>>>
01: [pet, body.id]
<<<<
org.graalvm.polyglot.PolyglotException: TypeError: Cannot read property "id" from null
- <js>.:program(Unnamed:1)

src/test/java/Features/PetStore/Pet.feature:22
01:02:52.801 [main]  ERROR com.intuit.karate - src/test/java/Features/PetStore/Pet.feature:31
* body.name = new_name
js failed:
>>>>
01: body.name = new_name
<<<<
org.graalvm.polyglot.PolyglotException: TypeError: Cannot set property "name" of null
- <js>.:program(Unnamed:1)

src/test/java/Features/PetStore/Pet.feature:31
01:02:52.864 [main]  ERROR com.intuit.karate - src/test/java/Features/PetStore/Pet.feature:44
* body.name = new_name
js failed:
>>>>
01: body.name = new_name
<<<<
org.graalvm.polyglot.PolyglotException: ReferenceError: "new_name" is not defined
- <js>.:program(Unnamed:1)

src/test/java/Features/PetStore/Pet.feature:44
01:02:53.884 [main]  INFO  com.intuit.karate.Suite - <<fail>> feature 1 of 1 (0 remaining) src/test/java/Features/PetStore/Pet.feature
01:16:21.424 [main]  INFO  com.intuit.karate - Karate version: 1.2.0
01:16:21.722 [main]  INFO  com.intuit.karate.Suite - backed up existing 'target\karate-reports' dir to: target\karate-reports_1684304181720
01:16:22.750 [main]  ERROR com.intuit.karate - src/test/java/Features/PetStore/Pet.feature:9
* def body = read ('classpath:data/request/file_body.json')
js failed:
>>>>
01: read ('classpath:data/request/file_body.json')
<<<<
org.graalvm.polyglot.PolyglotException: not found: data/request/file_body.json
- com.intuit.karate.resource.ResourceUtils.getResource(ResourceUtils.java:118)
- com.intuit.karate.core.ScenarioFileReader.toResource(ScenarioFileReader.java:128)
- com.intuit.karate.core.ScenarioFileReader.readFileAsStream(ScenarioFileReader.java:102)
- com.intuit.karate.core.ScenarioFileReader.readFileAsString(ScenarioFileReader.java:98)
- com.intuit.karate.core.ScenarioFileReader.readFile(ScenarioFileReader.java:56)
- com.intuit.karate.core.ScenarioEngine.lambda$new$0(ScenarioEngine.java:129)
- <js>.:program(Unnamed:1)

src/test/java/Features/PetStore/Pet.feature:9
01:16:22.785 [main]  ERROR com.intuit.karate - src/test/java/Features/PetStore/Pet.feature:20
* def body = read ('classpath:data/request/file_body.json')
js failed:
>>>>
01: read ('classpath:data/request/file_body.json')
<<<<
org.graalvm.polyglot.PolyglotException: not found: data/request/file_body.json
- com.intuit.karate.resource.ResourceUtils.getResource(ResourceUtils.java:118)
- com.intuit.karate.core.ScenarioFileReader.toResource(ScenarioFileReader.java:128)
- com.intuit.karate.core.ScenarioFileReader.readFileAsStream(ScenarioFileReader.java:102)
- com.intuit.karate.core.ScenarioFileReader.readFileAsString(ScenarioFileReader.java:98)
- com.intuit.karate.core.ScenarioFileReader.readFile(ScenarioFileReader.java:56)
- com.intuit.karate.core.ScenarioEngine.lambda$new$0(ScenarioEngine.java:129)
- <js>.:program(Unnamed:1)

src/test/java/Features/PetStore/Pet.feature:20
01:16:22.800 [main]  ERROR com.intuit.karate - src/test/java/Features/PetStore/Pet.feature:30
* def body = read ('classpath:data/request/file_body.json')
js failed:
>>>>
01: read ('classpath:data/request/file_body.json')
<<<<
org.graalvm.polyglot.PolyglotException: not found: data/request/file_body.json
- com.intuit.karate.resource.ResourceUtils.getResource(ResourceUtils.java:118)
- com.intuit.karate.core.ScenarioFileReader.toResource(ScenarioFileReader.java:128)
- com.intuit.karate.core.ScenarioFileReader.readFileAsStream(ScenarioFileReader.java:102)
- com.intuit.karate.core.ScenarioFileReader.readFileAsString(ScenarioFileReader.java:98)
- com.intuit.karate.core.ScenarioFileReader.readFile(ScenarioFileReader.java:56)
- com.intuit.karate.core.ScenarioEngine.lambda$new$0(ScenarioEngine.java:129)
- <js>.:program(Unnamed:1)

src/test/java/Features/PetStore/Pet.feature:30
01:16:22.856 [main]  ERROR com.intuit.karate - src/test/java/Features/PetStore/Pet.feature:43
* def body = read ('classpath:data/request/file_body.json')
js failed:
>>>>
01: read ('classpath:data/request/file_body.json')
<<<<
org.graalvm.polyglot.PolyglotException: not found: data/request/file_body.json
- com.intuit.karate.resource.ResourceUtils.getResource(ResourceUtils.java:118)
- com.intuit.karate.core.ScenarioFileReader.toResource(ScenarioFileReader.java:128)
- com.intuit.karate.core.ScenarioFileReader.readFileAsStream(ScenarioFileReader.java:102)
- com.intuit.karate.core.ScenarioFileReader.readFileAsString(ScenarioFileReader.java:98)
- com.intuit.karate.core.ScenarioFileReader.readFile(ScenarioFileReader.java:56)
- com.intuit.karate.core.ScenarioEngine.lambda$new$0(ScenarioEngine.java:129)
- <js>.:program(Unnamed:1)

src/test/java/Features/PetStore/Pet.feature:43
01:16:23.845 [main]  INFO  com.intuit.karate.Suite - <<fail>> feature 1 of 1 (0 remaining) src/test/java/Features/PetStore/Pet.feature
01:18:20.807 [main]  INFO  com.intuit.karate - Karate version: 1.2.0
01:18:21.085 [main]  INFO  com.intuit.karate.Suite - backed up existing 'target\karate-reports' dir to: target\karate-reports_1684304301082
01:18:22.777 [main]  ERROR com.intuit.karate - org.apache.http.ProtocolException: Target host is not specified, http call failed after 565 milliseconds for url: /v2/pet
01:18:22.778 [main]  ERROR com.intuit.karate - src/test/java/Features/PetStore/Pet.feature:13
When method POST
http call failed after 565 milliseconds for url: /v2/pet
src/test/java/Features/PetStore/Pet.feature:13
01:18:22.806 [main]  ERROR com.intuit.karate - org.apache.http.ProtocolException: Target host is not specified, http call failed after 1 milliseconds for url: /v2/pet/0
01:18:22.807 [main]  ERROR com.intuit.karate - src/test/java/Features/PetStore/Pet.feature:23
When method GET
http call failed after 1 milliseconds for url: /v2/pet/0
src/test/java/Features/PetStore/Pet.feature:23
01:18:22.822 [main]  ERROR com.intuit.karate - org.apache.http.ProtocolException: Target host is not specified, http call failed after 1 milliseconds for url: /v2/pet
01:18:22.822 [main]  ERROR com.intuit.karate - src/test/java/Features/PetStore/Pet.feature:36
When method PUT
http call failed after 1 milliseconds for url: /v2/pet
src/test/java/Features/PetStore/Pet.feature:36
01:18:22.852 [main]  ERROR com.intuit.karate - src/test/java/Features/PetStore/Pet.feature:44
* body.name = new_name
js failed:
>>>>
01: body.name = new_name
<<<<
org.graalvm.polyglot.PolyglotException: ReferenceError: "new_name" is not defined
- <js>.:program(Unnamed:1)

src/test/java/Features/PetStore/Pet.feature:44
01:18:23.738 [main]  INFO  com.intuit.karate.Suite - <<fail>> feature 1 of 1 (0 remaining) src/test/java/Features/PetStore/Pet.feature
01:26:19.456 [main]  INFO  com.intuit.karate - Karate version: 1.2.0
01:26:19.772 [main]  INFO  com.intuit.karate.Suite - backed up existing 'target\karate-reports' dir to: target\karate-reports_1684304779769
01:26:21.642 [main]  ERROR com.intuit.karate - org.apache.http.ProtocolException: Target host is not specified, http call failed after 653 milliseconds for url: /petstore.swagger.io/v2%20
01:26:21.643 [main]  ERROR com.intuit.karate - src/test/java/Features/PetStore/Pet.feature:13
When method POST
http call failed after 653 milliseconds for url: /petstore.swagger.io/v2%20
src/test/java/Features/PetStore/Pet.feature:13
01:26:21.677 [main]  ERROR com.intuit.karate - org.apache.http.ProtocolException: Target host is not specified, http call failed after 1 milliseconds for url: /petstore.swagger.io/v2%20/0
01:26:21.678 [main]  ERROR com.intuit.karate - src/test/java/Features/PetStore/Pet.feature:23
When method GET
http call failed after 1 milliseconds for url: /petstore.swagger.io/v2%20/0
src/test/java/Features/PetStore/Pet.feature:23
01:26:21.711 [main]  ERROR com.intuit.karate - org.apache.http.ProtocolException: Target host is not specified, http call failed after 1 milliseconds for url: /petstore.swagger.io/v2%20
01:26:21.711 [main]  ERROR com.intuit.karate - src/test/java/Features/PetStore/Pet.feature:36
When method PUT
http call failed after 1 milliseconds for url: /petstore.swagger.io/v2%20
src/test/java/Features/PetStore/Pet.feature:36
01:26:21.733 [main]  ERROR com.intuit.karate - src/test/java/Features/PetStore/Pet.feature:44
* body.name = new_name
js failed:
>>>>
01: body.name = new_name
<<<<
org.graalvm.polyglot.PolyglotException: ReferenceError: "new_name" is not defined
- <js>.:program(Unnamed:1)

src/test/java/Features/PetStore/Pet.feature:44
01:26:22.651 [main]  INFO  com.intuit.karate.Suite - <<fail>> feature 1 of 1 (0 remaining) src/test/java/Features/PetStore/Pet.feature
01:31:17.567 [main]  INFO  com.intuit.karate - Karate version: 1.2.0
01:31:17.836 [main]  INFO  com.intuit.karate.Suite - backed up existing 'target\karate-reports' dir to: target\karate-reports_1684305077834
01:31:18.990 [main]  ERROR com.intuit.karate - src/test/java/Features/PetStore/Pet.feature:11
And path pet
js failed:
>>>>
01: pet
<<<<
org.graalvm.polyglot.PolyglotException: ReferenceError: "pet" is not defined
- <js>.:program(Unnamed:1)

src/test/java/Features/PetStore/Pet.feature:11
01:31:19.011 [main]  ERROR com.intuit.karate - src/test/java/Features/PetStore/Pet.feature:22
And path pet, body.id
js failed:
>>>>
01: [pet, body.id]
<<<<
org.graalvm.polyglot.PolyglotException: ReferenceError: "pet" is not defined
- <js>.:program(Unnamed:1)

src/test/java/Features/PetStore/Pet.feature:22
01:31:19.033 [main]  ERROR com.intuit.karate - src/test/java/Features/PetStore/Pet.feature:34
And path pet
js failed:
>>>>
01: pet
<<<<
org.graalvm.polyglot.PolyglotException: ReferenceError: "pet" is not defined
- <js>.:program(Unnamed:1)

src/test/java/Features/PetStore/Pet.feature:34
01:31:19.050 [main]  ERROR com.intuit.karate - src/test/java/Features/PetStore/Pet.feature:44
* body.name = new_name
js failed:
>>>>
01: body.name = new_name
<<<<
org.graalvm.polyglot.PolyglotException: ReferenceError: "new_name" is not defined
- <js>.:program(Unnamed:1)

src/test/java/Features/PetStore/Pet.feature:44
01:31:20.026 [main]  INFO  com.intuit.karate.Suite - <<fail>> feature 1 of 1 (0 remaining) src/test/java/Features/PetStore/Pet.feature
01:32:48.195 [main]  INFO  com.intuit.karate - Karate version: 1.2.0
01:32:48.484 [main]  INFO  com.intuit.karate.Suite - backed up existing 'target\karate-reports' dir to: target\karate-reports_1684305168482
01:32:50.262 [main]  ERROR com.intuit.karate - org.apache.http.ProtocolException: Target host is not specified, http call failed after 586 milliseconds for url: /v2/petStore
01:32:50.262 [main]  ERROR com.intuit.karate - src/test/java/Features/PetStore/Pet.feature:13
When method POST
http call failed after 586 milliseconds for url: /v2/petStore
src/test/java/Features/PetStore/Pet.feature:13
01:32:50.291 [main]  ERROR com.intuit.karate - org.apache.http.ProtocolException: Target host is not specified, http call failed after 0 milliseconds for url: /v2/petStore/0
01:32:50.292 [main]  ERROR com.intuit.karate - src/test/java/Features/PetStore/Pet.feature:23
When method GET
http call failed after 0 milliseconds for url: /v2/petStore/0
src/test/java/Features/PetStore/Pet.feature:23
01:32:50.304 [main]  ERROR com.intuit.karate - org.apache.http.ProtocolException: Target host is not specified, http call failed after 1 milliseconds for url: /v2/petStore
01:32:50.304 [main]  ERROR com.intuit.karate - src/test/java/Features/PetStore/Pet.feature:36
When method PUT
http call failed after 1 milliseconds for url: /v2/petStore
src/test/java/Features/PetStore/Pet.feature:36
01:32:50.323 [main]  ERROR com.intuit.karate - src/test/java/Features/PetStore/Pet.feature:44
* body.name = new_name
js failed:
>>>>
01: body.name = new_name
<<<<
org.graalvm.polyglot.PolyglotException: ReferenceError: "new_name" is not defined
- <js>.:program(Unnamed:1)

src/test/java/Features/PetStore/Pet.feature:44
01:32:51.164 [main]  INFO  com.intuit.karate.Suite - <<fail>> feature 1 of 1 (0 remaining) src/test/java/Features/PetStore/Pet.feature
01:34:08.334 [main]  INFO  com.intuit.karate - Karate version: 1.2.0
01:34:08.611 [main]  INFO  com.intuit.karate.Suite - backed up existing 'target\karate-reports' dir to: target\karate-reports_1684305248609
01:34:10.396 [main]  ERROR com.intuit.karate - org.apache.http.ProtocolException: Target host is not specified, http call failed after 654 milliseconds for url: /v2
01:34:10.396 [main]  ERROR com.intuit.karate - src/test/java/Features/PetStore/Pet.feature:13
When method POST
http call failed after 654 milliseconds for url: /v2
src/test/java/Features/PetStore/Pet.feature:13
01:34:10.428 [main]  ERROR com.intuit.karate - org.apache.http.ProtocolException: Target host is not specified, http call failed after 1 milliseconds for url: /v2/0
01:34:10.428 [main]  ERROR com.intuit.karate - src/test/java/Features/PetStore/Pet.feature:23
When method GET
http call failed after 1 milliseconds for url: /v2/0
src/test/java/Features/PetStore/Pet.feature:23
01:34:10.444 [main]  ERROR com.intuit.karate - org.apache.http.ProtocolException: Target host is not specified, http call failed after 1 milliseconds for url: /v2
01:34:10.445 [main]  ERROR com.intuit.karate - src/test/java/Features/PetStore/Pet.feature:36
When method PUT
http call failed after 1 milliseconds for url: /v2
src/test/java/Features/PetStore/Pet.feature:36
01:34:10.477 [main]  ERROR com.intuit.karate - src/test/java/Features/PetStore/Pet.feature:44
* body.name = new_name
js failed:
>>>>
01: body.name = new_name
<<<<
org.graalvm.polyglot.PolyglotException: ReferenceError: "new_name" is not defined
- <js>.:program(Unnamed:1)

src/test/java/Features/PetStore/Pet.feature:44
01:34:11.419 [main]  INFO  com.intuit.karate.Suite - <<fail>> feature 1 of 1 (0 remaining) src/test/java/Features/PetStore/Pet.feature
01:36:15.796 [main]  INFO  com.intuit.karate - Karate version: 1.2.0
01:36:16.080 [main]  INFO  com.intuit.karate.Suite - backed up existing 'target\karate-reports' dir to: target\karate-reports_1684305376077
01:36:17.773 [main]  ERROR com.intuit.karate - org.apache.http.ProtocolException: Target host is not specified, http call failed after 581 milliseconds for url: /https:/petstore.swagger.io/v2
01:36:17.773 [main]  ERROR com.intuit.karate - src/test/java/Features/PetStore/Pet.feature:13
When method POST
http call failed after 581 milliseconds for url: /https:/petstore.swagger.io/v2
src/test/java/Features/PetStore/Pet.feature:13
01:36:17.802 [main]  ERROR com.intuit.karate - org.apache.http.ProtocolException: Target host is not specified, http call failed after 1 milliseconds for url: /https:/petstore.swagger.io/v2/0
01:36:17.803 [main]  ERROR com.intuit.karate - src/test/java/Features/PetStore/Pet.feature:23
When method GET
http call failed after 1 milliseconds for url: /https:/petstore.swagger.io/v2/0
src/test/java/Features/PetStore/Pet.feature:23
01:36:17.823 [main]  ERROR com.intuit.karate - org.apache.http.ProtocolException: Target host is not specified, http call failed after 1 milliseconds for url: /https:/petstore.swagger.io/v2
01:36:17.823 [main]  ERROR com.intuit.karate - src/test/java/Features/PetStore/Pet.feature:36
When method PUT
http call failed after 1 milliseconds for url: /https:/petstore.swagger.io/v2
src/test/java/Features/PetStore/Pet.feature:36
01:36:17.849 [main]  ERROR com.intuit.karate - src/test/java/Features/PetStore/Pet.feature:44
* body.name = new_name
js failed:
>>>>
01: body.name = new_name
<<<<
org.graalvm.polyglot.PolyglotException: ReferenceError: "new_name" is not defined
- <js>.:program(Unnamed:1)

src/test/java/Features/PetStore/Pet.feature:44
01:36:18.682 [main]  INFO  com.intuit.karate.Suite - <<fail>> feature 1 of 1 (0 remaining) src/test/java/Features/PetStore/Pet.feature
01:38:06.067 [main]  INFO  com.intuit.karate - Karate version: 1.2.0
01:38:06.336 [main]  INFO  com.intuit.karate.Suite - backed up existing 'target\karate-reports' dir to: target\karate-reports_1684305486334
01:38:08.086 [main]  ERROR com.intuit.karate - org.apache.http.ProtocolException: Target host is not specified, http call failed after 602 milliseconds for url: /petstore.swagger.io/v2
01:38:08.086 [main]  ERROR com.intuit.karate - src/test/java/Features/PetStore/Pet.feature:13
When method POST
http call failed after 602 milliseconds for url: /petstore.swagger.io/v2
src/test/java/Features/PetStore/Pet.feature:13
01:38:08.111 [main]  ERROR com.intuit.karate - org.apache.http.ProtocolException: Target host is not specified, http call failed after 1 milliseconds for url: /petstore.swagger.io/v2/0
01:38:08.111 [main]  ERROR com.intuit.karate - src/test/java/Features/PetStore/Pet.feature:23
When method GET
http call failed after 1 milliseconds for url: /petstore.swagger.io/v2/0
src/test/java/Features/PetStore/Pet.feature:23
01:38:08.128 [main]  ERROR com.intuit.karate - org.apache.http.ProtocolException: Target host is not specified, http call failed after 1 milliseconds for url: /petstore.swagger.io/v2
01:38:08.128 [main]  ERROR com.intuit.karate - src/test/java/Features/PetStore/Pet.feature:36
When method PUT
http call failed after 1 milliseconds for url: /petstore.swagger.io/v2
src/test/java/Features/PetStore/Pet.feature:36
01:38:08.151 [main]  ERROR com.intuit.karate - src/test/java/Features/PetStore/Pet.feature:44
* body.name = new_name
js failed:
>>>>
01: body.name = new_name
<<<<
org.graalvm.polyglot.PolyglotException: ReferenceError: "new_name" is not defined
- <js>.:program(Unnamed:1)

src/test/java/Features/PetStore/Pet.feature:44
01:38:09.020 [main]  INFO  com.intuit.karate.Suite - <<fail>> feature 1 of 1 (0 remaining) src/test/java/Features/PetStore/Pet.feature
02:30:59.081 [main]  INFO  com.intuit.karate - Karate version: 1.2.0
02:30:59.308 [main]  INFO  com.intuit.karate.Suite - backed up existing 'target\karate-reports' dir to: target\karate-reports_1684308659305
02:31:01.065 [main]  ERROR com.intuit.karate - org.apache.http.ProtocolException: Target host is not specified, http call failed after 589 milliseconds for url: /petstore.swagger.io/v2
02:31:01.066 [main]  ERROR com.intuit.karate - src/test/java/Features/PetStore/Pet.feature:13
When method POST
http call failed after 589 milliseconds for url: /petstore.swagger.io/v2
src/test/java/Features/PetStore/Pet.feature:13
02:31:01.085 [main]  ERROR com.intuit.karate - org.apache.http.ProtocolException: Target host is not specified, http call failed after 1 milliseconds for url: /petstore.swagger.io/v2/0
02:31:01.085 [main]  ERROR com.intuit.karate - src/test/java/Features/PetStore/Pet.feature:23
When method GET
http call failed after 1 milliseconds for url: /petstore.swagger.io/v2/0
src/test/java/Features/PetStore/Pet.feature:23
02:31:01.103 [main]  ERROR com.intuit.karate - org.apache.http.ProtocolException: Target host is not specified, http call failed after 0 milliseconds for url: /petstore.swagger.io/v2
02:31:01.104 [main]  ERROR com.intuit.karate - src/test/java/Features/PetStore/Pet.feature:36
When method PUT
http call failed after 0 milliseconds for url: /petstore.swagger.io/v2
src/test/java/Features/PetStore/Pet.feature:36
02:31:01.127 [main]  ERROR com.intuit.karate - src/test/java/Features/PetStore/Pet.feature:44
* body.name = new_name
js failed:
>>>>
01: body.name = new_name
<<<<
org.graalvm.polyglot.PolyglotException: ReferenceError: "new_name" is not defined
- <js>.:program(Unnamed:1)

src/test/java/Features/PetStore/Pet.feature:44
02:31:01.892 [main]  INFO  com.intuit.karate.Suite - <<fail>> feature 1 of 1 (0 remaining) src/test/java/Features/PetStore/Pet.feature
02:34:17.062 [main]  INFO  com.intuit.karate - Karate version: 1.2.0
02:34:17.364 [main]  INFO  com.intuit.karate.Suite - backed up existing 'target\karate-reports' dir to: target\karate-reports_1684308857362
02:34:18.896 [main]  ERROR com.intuit.karate - org.apache.http.ProtocolException: Target host is not specified, http call failed after 563 milliseconds for url: /petstore.swagger.io/v2
02:34:18.896 [main]  ERROR com.intuit.karate - src/test/java/Features/PetStore/Pet.feature:13
When method POST
http call failed after 563 milliseconds for url: /petstore.swagger.io/v2
src/test/java/Features/PetStore/Pet.feature:13
02:34:18.914 [main]  ERROR com.intuit.karate - org.apache.http.ProtocolException: Target host is not specified, http call failed after 0 milliseconds for url: /petstore.swagger.io/v2/0
02:34:18.915 [main]  ERROR com.intuit.karate - src/test/java/Features/PetStore/Pet.feature:23
When method GET
http call failed after 0 milliseconds for url: /petstore.swagger.io/v2/0
src/test/java/Features/PetStore/Pet.feature:23
02:34:18.931 [main]  ERROR com.intuit.karate - org.apache.http.ProtocolException: Target host is not specified, http call failed after 1 milliseconds for url: /petstore.swagger.io/v2
02:34:18.932 [main]  ERROR com.intuit.karate - src/test/java/Features/PetStore/Pet.feature:36
When method PUT
http call failed after 1 milliseconds for url: /petstore.swagger.io/v2
src/test/java/Features/PetStore/Pet.feature:36
02:34:18.942 [main]  ERROR com.intuit.karate - src/test/java/Features/PetStore/Pet.feature:49
And param status='sold'
no step-definition method match found for: param status='sold'
src/test/java/Features/PetStore/Pet.feature:49
02:34:19.701 [main]  INFO  com.intuit.karate.Suite - <<fail>> feature 1 of 1 (0 remaining) src/test/java/Features/PetStore/Pet.feature
02:35:13.135 [main]  INFO  com.intuit.karate - Karate version: 1.2.0
02:35:13.384 [main]  INFO  com.intuit.karate.Suite - backed up existing 'target\karate-reports' dir to: target\karate-reports_1684308913382
02:35:14.162 [main]  ERROR com.intuit.karate - src/test/java/Features/PetStore/Pet.feature:6
* def pet= 'v2/pet';
no step-definition method match found for: def pet= 'v2/pet';
src/test/java/Features/PetStore/Pet.feature:6
02:35:14.168 [main]  ERROR com.intuit.karate - src/test/java/Features/PetStore/Pet.feature:6
* def pet= 'v2/pet';
no step-definition method match found for: def pet= 'v2/pet';
src/test/java/Features/PetStore/Pet.feature:6
02:35:14.175 [main]  ERROR com.intuit.karate - src/test/java/Features/PetStore/Pet.feature:6
* def pet= 'v2/pet';
no step-definition method match found for: def pet= 'v2/pet';
src/test/java/Features/PetStore/Pet.feature:6
02:35:14.180 [main]  ERROR com.intuit.karate - src/test/java/Features/PetStore/Pet.feature:6
* def pet= 'v2/pet';
no step-definition method match found for: def pet= 'v2/pet';
src/test/java/Features/PetStore/Pet.feature:6
02:35:15.283 [main]  INFO  com.intuit.karate.Suite - <<fail>> feature 1 of 1 (0 remaining) src/test/java/Features/PetStore/Pet.feature
02:35:43.338 [main]  INFO  com.intuit.karate - Karate version: 1.2.0
02:35:43.554 [main]  INFO  com.intuit.karate.Suite - backed up existing 'target\karate-reports' dir to: target\karate-reports_1684308943553
02:35:44.224 [main]  ERROR com.intuit.karate - src/test/java/Features/PetStore/Pet.feature:6
* def pet= 'v2/pet';
no step-definition method match found for: def pet= 'v2/pet';
src/test/java/Features/PetStore/Pet.feature:6
02:35:44.230 [main]  ERROR com.intuit.karate - src/test/java/Features/PetStore/Pet.feature:6
* def pet= 'v2/pet';
no step-definition method match found for: def pet= 'v2/pet';
src/test/java/Features/PetStore/Pet.feature:6
02:35:44.237 [main]  ERROR com.intuit.karate - src/test/java/Features/PetStore/Pet.feature:6
* def pet= 'v2/pet';
no step-definition method match found for: def pet= 'v2/pet';
src/test/java/Features/PetStore/Pet.feature:6
02:35:44.242 [main]  ERROR com.intuit.karate - src/test/java/Features/PetStore/Pet.feature:6
* def pet= 'v2/pet';
no step-definition method match found for: def pet= 'v2/pet';
src/test/java/Features/PetStore/Pet.feature:6
02:35:45.206 [main]  INFO  com.intuit.karate.Suite - <<fail>> feature 1 of 1 (0 remaining) src/test/java/Features/PetStore/Pet.feature
04:01:42.031 [main]  INFO  com.intuit.karate - Karate version: 1.2.0
04:01:42.277 [main]  INFO  com.intuit.karate.Suite - backed up existing 'target\karate-reports' dir to: target\karate-reports_1684314102275
04:01:42.299 [main]  INFO  c.intuit.karate.core.FeatureRuntime - found scenario at line: 8
04:01:43.093 [main]  ERROR com.intuit.karate - src/test/java/Features/PetStore/Pet.feature:6
* def pet= 'v2/pet';
no step-definition method match found for: def pet= 'v2/pet';
src/test/java/Features/PetStore/Pet.feature:6
04:01:44.042 [main]  INFO  com.intuit.karate.Suite - <<fail>> feature 1 of 1 (0 remaining) src/test/java/Features/PetStore/Pet.feature
04:07:10.900 [main]  INFO  com.intuit.karate - Karate version: 1.2.0
04:07:11.164 [main]  INFO  com.intuit.karate.Suite - backed up existing 'target\karate-reports' dir to: target\karate-reports_1684314431161
04:07:11.186 [main]  INFO  c.intuit.karate.core.FeatureRuntime - found scenario at line: 8
04:07:11.958 [main]  ERROR com.intuit.karate - src/test/java/Features/PetStore/Pet.feature:6
* def pet= 'v2';
no step-definition method match found for: def pet= 'v2';
src/test/java/Features/PetStore/Pet.feature:6
04:07:12.997 [main]  INFO  com.intuit.karate.Suite - <<fail>> feature 1 of 1 (0 remaining) src/test/java/Features/PetStore/Pet.feature
04:08:36.732 [main]  INFO  com.intuit.karate - Karate version: 1.2.0
04:08:37.077 [main]  INFO  com.intuit.karate.Suite - backed up existing 'target\karate-reports' dir to: target\karate-reports_1684314517075
04:08:37.113 [main]  INFO  c.intuit.karate.core.FeatureRuntime - found scenario at line: 8
04:08:37.931 [main]  ERROR com.intuit.karate - src/test/java/Features/PetStore/Pet.feature:6
* def pet= 'v2';
no step-definition method match found for: def pet= 'v2';
src/test/java/Features/PetStore/Pet.feature:6
04:08:39.009 [main]  INFO  com.intuit.karate.Suite - <<fail>> feature 1 of 1 (0 remaining) src/test/java/Features/PetStore/Pet.feature
04:11:21.562 [main]  INFO  com.intuit.karate - Karate version: 1.2.0
04:11:21.830 [main]  INFO  com.intuit.karate.Suite - backed up existing 'target\karate-reports' dir to: target\karate-reports_1684314681829
04:11:21.851 [main]  INFO  c.intuit.karate.core.FeatureRuntime - found scenario at line: 8
04:11:22.630 [main]  ERROR com.intuit.karate - src/test/java/Features/PetStore/Pet.feature:6
* def pet= '/v2';
no step-definition method match found for: def pet= '/v2';
src/test/java/Features/PetStore/Pet.feature:6
04:11:23.600 [main]  INFO  com.intuit.karate.Suite - <<fail>> feature 1 of 1 (0 remaining) src/test/java/Features/PetStore/Pet.feature
04:16:15.896 [main]  INFO  com.intuit.karate - Karate version: 1.2.0
04:16:16.128 [main]  INFO  com.intuit.karate.Suite - backed up existing 'target\karate-reports' dir to: target\karate-reports_1684314976125
04:16:16.155 [main]  INFO  c.intuit.karate.core.FeatureRuntime - found scenario at line: 8
04:16:16.842 [main]  ERROR com.intuit.karate - src/test/java/Features/PetStore/Pet.feature:6
* def pet= '/v2';
no step-definition method match found for: def pet= '/v2';
src/test/java/Features/PetStore/Pet.feature:6
04:16:17.868 [main]  INFO  com.intuit.karate.Suite - <<fail>> feature 1 of 1 (0 remaining) src/test/java/Features/PetStore/Pet.feature
04:17:09.395 [main]  INFO  com.intuit.karate - Karate version: 1.2.0
04:17:09.638 [main]  INFO  com.intuit.karate.Suite - backed up existing 'target\karate-reports' dir to: target\karate-reports_1684315029635
04:17:09.673 [main]  INFO  c.intuit.karate.core.FeatureRuntime - found scenario at line: 8
04:17:10.446 [main]  ERROR com.intuit.karate - src/test/java/Features/PetStore/Pet.feature:6
* def pet= 'v2/Pet';
no step-definition method match found for: def pet= 'v2/Pet';
src/test/java/Features/PetStore/Pet.feature:6
04:17:11.412 [main]  INFO  com.intuit.karate.Suite - <<fail>> feature 1 of 1 (0 remaining) src/test/java/Features/PetStore/Pet.feature
04:17:21.417 [main]  INFO  com.intuit.karate - Karate version: 1.2.0
04:17:21.641 [main]  INFO  com.intuit.karate.Suite - backed up existing 'target\karate-reports' dir to: target\karate-reports_1684315041639
04:17:21.659 [main]  INFO  c.intuit.karate.core.FeatureRuntime - found scenario at line: 8
04:17:22.322 [main]  ERROR com.intuit.karate - src/test/java/Features/PetStore/Pet.feature:6
* def Pet= 'v2/Pet';
no step-definition method match found for: def Pet= 'v2/Pet';
src/test/java/Features/PetStore/Pet.feature:6
04:17:23.296 [main]  INFO  com.intuit.karate.Suite - <<fail>> feature 1 of 1 (0 remaining) src/test/java/Features/PetStore/Pet.feature
04:17:40.169 [main]  INFO  com.intuit.karate - Karate version: 1.2.0
04:17:40.391 [main]  INFO  com.intuit.karate.Suite - backed up existing 'target\karate-reports' dir to: target\karate-reports_1684315060389
04:17:40.411 [main]  INFO  c.intuit.karate.core.FeatureRuntime - found scenario at line: 8
04:17:41.107 [main]  ERROR com.intuit.karate - src/test/java/Features/PetStore/Pet.feature:6
* def pet= 'v2/pet';
no step-definition method match found for: def pet= 'v2/pet';
src/test/java/Features/PetStore/Pet.feature:6
04:17:42.021 [main]  INFO  com.intuit.karate.Suite - <<fail>> feature 1 of 1 (0 remaining) src/test/java/Features/PetStore/Pet.feature
10:25:12.989 [main]  INFO  com.intuit.karate - Karate version: 1.2.0
10:25:13.307 [main]  INFO  com.intuit.karate.Suite - backed up existing 'target\karate-reports' dir to: target\karate-reports_1684337113305
10:25:13.330 [main]  INFO  c.intuit.karate.core.FeatureRuntime - found scenario at line: 8
10:25:14.375 [main]  ERROR com.intuit.karate - src/test/java/Features/PetStore/Pet.feature:6
* def pet= 'v2/pet';
no step-definition method match found for: def pet= 'v2/pet';
src/test/java/Features/PetStore/Pet.feature:6
10:25:15.779 [main]  INFO  com.intuit.karate.Suite - <<fail>> feature 1 of 1 (0 remaining) src/test/java/Features/PetStore/Pet.feature
10:31:00.543 [main]  INFO  com.intuit.karate - Karate version: 1.2.0
10:31:00.868 [main]  INFO  com.intuit.karate.Suite - backed up existing 'target\karate-reports' dir to: target\karate-reports_1684337460866
10:31:00.890 [main]  INFO  c.intuit.karate.core.FeatureRuntime - found scenario at line: 8
10:31:03.214 [main]  ERROR com.intuit.karate - org.apache.http.ProtocolException: Target host is not specified, http call failed after 768 milliseconds for url: /v2/pet
10:31:03.214 [main]  ERROR com.intuit.karate - src/test/java/Features/PetStore/Pet.feature:13
When method POST
http call failed after 768 milliseconds for url: /v2/pet
src/test/java/Features/PetStore/Pet.feature:13
10:31:04.156 [main]  INFO  com.intuit.karate.Suite - <<fail>> feature 1 of 1 (0 remaining) src/test/java/Features/PetStore/Pet.feature
10:33:07.947 [main]  INFO  com.intuit.karate - Karate version: 1.2.0
10:33:08.250 [main]  INFO  com.intuit.karate.Suite - backed up existing 'target\karate-reports' dir to: target\karate-reports_1684337588246
10:33:08.276 [main]  INFO  c.intuit.karate.core.FeatureRuntime - found scenario at line: 8
10:33:10.204 [main]  ERROR com.intuit.karate - org.apache.http.ProtocolException: Target host is not specified, http call failed after 667 milliseconds for url: /v2/pet
10:33:10.205 [main]  ERROR com.intuit.karate - src/test/java/Features/PetStore/Pet.feature:13
When method POST
http call failed after 667 milliseconds for url: /v2/pet
src/test/java/Features/PetStore/Pet.feature:13
10:33:11.098 [main]  INFO  com.intuit.karate.Suite - <<fail>> feature 1 of 1 (0 remaining) src/test/java/Features/PetStore/Pet.feature
10:37:58.701 [main]  INFO  com.intuit.karate - Karate version: 1.2.0
10:37:58.998 [main]  INFO  com.intuit.karate.Suite - backed up existing 'target\karate-reports' dir to: target\karate-reports_1684337878995
10:37:59.018 [main]  INFO  c.intuit.karate.core.FeatureRuntime - found scenario at line: 8
10:38:00.994 [main]  ERROR com.intuit.karate - org.apache.http.ProtocolException: Target host is not specified, http call failed after 647 milliseconds for url: /https:/petstore.swagger.io/pet
10:38:00.995 [main]  ERROR com.intuit.karate - src/test/java/Features/PetStore/Pet.feature:13
When method POST
http call failed after 647 milliseconds for url: /https:/petstore.swagger.io/pet
src/test/java/Features/PetStore/Pet.feature:13
10:38:01.919 [main]  INFO  com.intuit.karate.Suite - <<fail>> feature 1 of 1 (0 remaining) src/test/java/Features/PetStore/Pet.feature
10:41:20.023 [main]  INFO  com.intuit.karate - Karate version: 1.2.0
10:41:20.322 [main]  INFO  com.intuit.karate.Suite - backed up existing 'target\karate-reports' dir to: target\karate-reports_1684338080318
10:41:20.347 [main]  INFO  c.intuit.karate.core.FeatureRuntime - found scenario at line: 8
10:41:22.326 [main]  DEBUG com.intuit.karate - request:
1 > POST https://petstore.swagger.io/pet/v2/pet
1 > Content-Type: application/json; charset=UTF-8
1 > Content-Length: 138
1 > Host: petstore.swagger.io
1 > Connection: Keep-Alive
1 > User-Agent: Apache-HttpClient/4.5.13 (Java/1.8.0_261)
1 > Accept-Encoding: gzip,deflate
{"id":0,"category":{"id":0,"name":"string"},"name":"doggie","photoUrls":["string"],"tags":[{"id":0,"name":"string"}],"status":"available"}

10:41:32.869 [main]  DEBUG com.intuit.karate - response time in milliseconds: 10541
1 < 404
1 < Date: Wed, 17 May 2023 15:42:52 GMT
1 < Content-Type: text/html
1 < Transfer-Encoding: chunked
1 < Connection: keep-alive
1 < Server: nginx
1 < Vary: Accept-Encoding
1 < Access-Control-Allow-Origin: *
1 < Access-Control-Allow-Methods: GET, POST, OPTIONS
1 < Access-Control-Allow-Headers: DNT,X-CustomHeader,Keep-Alive,User-Agent,X-Requested-With,If-Modified-Since,Cache-Control,Content-Type
<html>
<head><title>404 Not Found</title></head>
<body>
<center><h1>404 Not Found</h1></center>
<hr><center>nginx</center>
</body>
</html>


10:41:32.871 [main]  ERROR com.intuit.karate - src/test/java/Features/PetStore/Pet.feature:14
Then status 200
status code was: 404, expected: 200, response time in milliseconds: 10541, url: https://petstore.swagger.io/pet/v2/pet, response: 
<html>
<head><title>404 Not Found</title></head>
<body>
<center><h1>404 Not Found</h1></center>
<hr><center>nginx</center>
</body>
</html>

src/test/java/Features/PetStore/Pet.feature:14
10:41:33.753 [main]  INFO  com.intuit.karate.Suite - <<fail>> feature 1 of 1 (0 remaining) src/test/java/Features/PetStore/Pet.feature
10:43:01.766 [main]  INFO  com.intuit.karate - Karate version: 1.2.0
10:43:02.066 [main]  INFO  com.intuit.karate.Suite - backed up existing 'target\karate-reports' dir to: target\karate-reports_1684338182063
10:43:02.098 [main]  INFO  c.intuit.karate.core.FeatureRuntime - found scenario at line: 8
10:43:03.967 [main]  DEBUG com.intuit.karate - request:
1 > POST https://petstore.swagger.io/v2/pet
1 > Content-Type: application/json; charset=UTF-8
1 > Content-Length: 138
1 > Host: petstore.swagger.io
1 > Connection: Keep-Alive
1 > User-Agent: Apache-HttpClient/4.5.13 (Java/1.8.0_261)
1 > Accept-Encoding: gzip,deflate
{"id":0,"category":{"id":0,"name":"string"},"name":"doggie","photoUrls":["string"],"tags":[{"id":0,"name":"string"}],"status":"available"}

10:43:04.707 [main]  DEBUG com.intuit.karate - response time in milliseconds: 736
1 < 200
1 < Date: Wed, 17 May 2023 15:44:23 GMT
1 < Content-Type: application/json
1 < Transfer-Encoding: chunked
1 < Connection: keep-alive
1 < Access-Control-Allow-Origin: *
1 < Access-Control-Allow-Methods: GET, POST, DELETE, PUT
1 < Access-Control-Allow-Headers: Content-Type, api_key, Authorization
1 < Server: Jetty(9.2.9.v20150224)
{"id":9223372036854775807,"category":{"id":0,"name":"string"},"name":"doggie","photoUrls":["string"],"tags":[{"id":0,"name":"string"}],"status":"available"}

10:43:04.723 [main]  ERROR com.intuit.karate - src/test/java/Features/PetStore/Pet.feature:15
And match response.id == body.id
match failed: EQUALS
  $ | not equal (NUMBER:NUMBER)
  9223372036854775807
  0

src/test/java/Features/PetStore/Pet.feature:15
10:43:05.642 [main]  INFO  com.intuit.karate.Suite - <<fail>> feature 1 of 1 (0 remaining) src/test/java/Features/PetStore/Pet.feature
10:50:08.290 [main]  INFO  com.intuit.karate - Karate version: 1.2.0
10:50:08.599 [main]  INFO  com.intuit.karate.Suite - backed up existing 'target\karate-reports' dir to: target\karate-reports_1684338608597
10:50:08.622 [main]  INFO  c.intuit.karate.core.FeatureRuntime - found scenario at line: 8
10:50:10.554 [main]  DEBUG com.intuit.karate - request:
1 > POST https://petstore.swagger.io/v2/pet
1 > Content-Type: application/json; charset=UTF-8
1 > Content-Length: 140
1 > Host: petstore.swagger.io
1 > Connection: Keep-Alive
1 > User-Agent: Apache-HttpClient/4.5.13 (Java/1.8.0_261)
1 > Accept-Encoding: gzip,deflate
{"id":101,"category":{"id":0,"name":"string"},"name":"doggie","photoUrls":["string"],"tags":[{"id":0,"name":"string"}],"status":"available"}

10:50:14.520 [main]  DEBUG com.intuit.karate - response time in milliseconds: 3963
1 < 200
1 < Date: Wed, 17 May 2023 15:51:33 GMT
1 < Content-Type: application/json
1 < Transfer-Encoding: chunked
1 < Connection: keep-alive
1 < Access-Control-Allow-Origin: *
1 < Access-Control-Allow-Methods: GET, POST, DELETE, PUT
1 < Access-Control-Allow-Headers: Content-Type, api_key, Authorization
1 < Server: Jetty(9.2.9.v20150224)
{"id":101,"category":{"id":0,"name":"string"},"name":"doggie","photoUrls":["string"],"tags":[{"id":0,"name":"string"}],"status":"available"}

10:50:15.368 [main]  INFO  com.intuit.karate.Suite - <<pass>> feature 1 of 1 (0 remaining) src/test/java/Features/PetStore/Pet.feature
10:51:41.647 [main]  INFO  com.intuit.karate - Karate version: 1.2.0
10:51:41.986 [main]  INFO  com.intuit.karate.Suite - backed up existing 'target\karate-reports' dir to: target\karate-reports_1684338701983
10:51:42.008 [main]  INFO  c.intuit.karate.core.FeatureRuntime - found scenario at line: 8
10:51:42.942 [main]  ERROR com.intuit.karate - src/test/java/Features/PetStore/Pet.feature:6
* def pet= 'v2/pet';
no step-definition method match found for: def pet= 'v2/pet';
src/test/java/Features/PetStore/Pet.feature:6
10:51:44.128 [main]  INFO  com.intuit.karate.Suite - <<fail>> feature 1 of 1 (0 remaining) src/test/java/Features/PetStore/Pet.feature
10:52:04.091 [main]  INFO  com.intuit.karate - Karate version: 1.2.0
10:52:04.377 [main]  INFO  com.intuit.karate.Suite - backed up existing 'target\karate-reports' dir to: target\karate-reports_1684338724375
10:52:04.398 [main]  INFO  c.intuit.karate.core.FeatureRuntime - found scenario at line: 8
10:52:06.215 [main]  DEBUG com.intuit.karate - request:
1 > POST https://petstore.swagger.io/v2/pet
1 > Content-Type: application/json; charset=UTF-8
1 > Content-Length: 140
1 > Host: petstore.swagger.io
1 > Connection: Keep-Alive
1 > User-Agent: Apache-HttpClient/4.5.13 (Java/1.8.0_261)
1 > Accept-Encoding: gzip,deflate
{"id":101,"category":{"id":0,"name":"string"},"name":"doggie","photoUrls":["string"],"tags":[{"id":0,"name":"string"}],"status":"available"}

10:52:06.935 [main]  DEBUG com.intuit.karate - response time in milliseconds: 719
1 < 200
1 < Date: Wed, 17 May 2023 15:53:26 GMT
1 < Content-Type: application/json
1 < Transfer-Encoding: chunked
1 < Connection: keep-alive
1 < Access-Control-Allow-Origin: *
1 < Access-Control-Allow-Methods: GET, POST, DELETE, PUT
1 < Access-Control-Allow-Headers: Content-Type, api_key, Authorization
1 < Server: Jetty(9.2.9.v20150224)
{"id":101,"category":{"id":0,"name":"string"},"name":"doggie","photoUrls":["string"],"tags":[{"id":0,"name":"string"}],"status":"available"}

10:52:07.869 [main]  INFO  com.intuit.karate.Suite - <<pass>> feature 1 of 1 (0 remaining) src/test/java/Features/PetStore/Pet.feature
10:53:45.424 [main]  INFO  com.intuit.karate - Karate version: 1.2.0
10:53:45.702 [main]  INFO  com.intuit.karate.Suite - backed up existing 'target\karate-reports' dir to: target\karate-reports_1684338825700
10:53:45.729 [main]  INFO  c.intuit.karate.core.FeatureRuntime - found scenario at line: 19
10:53:46.849 [main]  ERROR com.intuit.karate - src/test/java/Features/PetStore/Pet.feature:22
And path petStore, body.id
js failed:
>>>>
01: [petStore, body.id]
<<<<
org.graalvm.polyglot.PolyglotException: ReferenceError: "petStore" is not defined
- <js>.:program(Unnamed:1)

src/test/java/Features/PetStore/Pet.feature:22
10:53:47.713 [main]  INFO  com.intuit.karate.Suite - <<fail>> feature 1 of 1 (0 remaining) src/test/java/Features/PetStore/Pet.feature
10:55:02.262 [main]  INFO  com.intuit.karate - Karate version: 1.2.0
10:55:02.589 [main]  INFO  com.intuit.karate.Suite - backed up existing 'target\karate-reports' dir to: target\karate-reports_1684338902586
10:55:02.614 [main]  INFO  c.intuit.karate.core.FeatureRuntime - found scenario at line: 19
10:55:04.609 [main]  DEBUG com.intuit.karate - request:
1 > GET https://petstore.swagger.io/v2/pet/0
1 > Host: petstore.swagger.io
1 > Connection: Keep-Alive
1 > User-Agent: Apache-HttpClient/4.5.13 (Java/1.8.0_261)
1 > Accept-Encoding: gzip,deflate


10:55:12.658 [main]  DEBUG com.intuit.karate - response time in milliseconds: 8045
1 < 404
1 < Date: Wed, 17 May 2023 15:56:31 GMT
1 < Content-Type: application/json
1 < Transfer-Encoding: chunked
1 < Connection: keep-alive
1 < Access-Control-Allow-Origin: *
1 < Access-Control-Allow-Methods: GET, POST, DELETE, PUT
1 < Access-Control-Allow-Headers: Content-Type, api_key, Authorization
1 < Server: Jetty(9.2.9.v20150224)
{"code":1,"type":"error","message":"Pet not found"}

10:55:12.664 [main]  ERROR com.intuit.karate - src/test/java/Features/PetStore/Pet.feature:25
Then status 200
status code was: 404, expected: 200, response time in milliseconds: 8045, url: https://petstore.swagger.io/v2/pet/0, response: 
{"code":1,"type":"error","message":"Pet not found"}
src/test/java/Features/PetStore/Pet.feature:25
10:55:13.404 [main]  INFO  com.intuit.karate.Suite - <<fail>> feature 1 of 1 (0 remaining) src/test/java/Features/PetStore/Pet.feature
10:55:45.505 [main]  INFO  com.intuit.karate - Karate version: 1.2.0
10:55:45.784 [main]  INFO  com.intuit.karate.Suite - backed up existing 'target\karate-reports' dir to: target\karate-reports_1684338945782
10:55:45.810 [main]  INFO  c.intuit.karate.core.FeatureRuntime - found scenario at line: 19
10:55:46.848 [main]  ERROR com.intuit.karate - src/test/java/Features/PetStore/Pet.feature:23
And path petStore, body.id
js failed:
>>>>
01: [petStore, body.id]
<<<<
org.graalvm.polyglot.PolyglotException: ReferenceError: "petStore" is not defined
- <js>.:program(Unnamed:1)

src/test/java/Features/PetStore/Pet.feature:23
10:55:47.777 [main]  INFO  com.intuit.karate.Suite - <<fail>> feature 1 of 1 (0 remaining) src/test/java/Features/PetStore/Pet.feature
10:57:30.649 [main]  INFO  com.intuit.karate - Karate version: 1.2.0
10:57:30.909 [main]  INFO  com.intuit.karate.Suite - backed up existing 'target\karate-reports' dir to: target\karate-reports_1684339050906
10:57:30.933 [main]  INFO  c.intuit.karate.core.FeatureRuntime - found scenario at line: 8
10:57:32.619 [main]  DEBUG com.intuit.karate - request:
1 > POST https://petstore.swagger.io/v2/pet
1 > Content-Type: application/json; charset=UTF-8
1 > Content-Length: 140
1 > Host: petstore.swagger.io
1 > Connection: Keep-Alive
1 > User-Agent: Apache-HttpClient/4.5.13 (Java/1.8.0_261)
1 > Accept-Encoding: gzip,deflate
{"id":101,"category":{"id":0,"name":"string"},"name":"doggie","photoUrls":["string"],"tags":[{"id":0,"name":"string"}],"status":"available"}

10:57:36.544 [main]  DEBUG com.intuit.karate - response time in milliseconds: 3922
1 < 200
1 < Date: Wed, 17 May 2023 15:58:55 GMT
1 < Content-Type: application/json
1 < Transfer-Encoding: chunked
1 < Connection: keep-alive
1 < Access-Control-Allow-Origin: *
1 < Access-Control-Allow-Methods: GET, POST, DELETE, PUT
1 < Access-Control-Allow-Headers: Content-Type, api_key, Authorization
1 < Server: Jetty(9.2.9.v20150224)
{"id":101,"category":{"id":0,"name":"string"},"name":"doggie","photoUrls":["string"],"tags":[{"id":0,"name":"string"}],"status":"available"}

10:57:37.318 [main]  INFO  com.intuit.karate.Suite - <<pass>> feature 1 of 1 (0 remaining) src/test/java/Features/PetStore/Pet.feature
10:59:50.446 [main]  INFO  com.intuit.karate - Karate version: 1.2.0
10:59:50.714 [main]  INFO  com.intuit.karate.Suite - backed up existing 'target\karate-reports' dir to: target\karate-reports_1684339190711
10:59:50.738 [main]  INFO  c.intuit.karate.core.FeatureRuntime - found scenario at line: 19
10:59:52.329 [main]  DEBUG com.intuit.karate - request:
1 > GET https://petstore.swagger.io/v2/pet/101
1 > Host: petstore.swagger.io
1 > Connection: Keep-Alive
1 > User-Agent: Apache-HttpClient/4.5.13 (Java/1.8.0_261)
1 > Accept-Encoding: gzip,deflate


10:59:57.605 [main]  DEBUG com.intuit.karate - response time in milliseconds: 5274
1 < 200
1 < Date: Wed, 17 May 2023 16:01:12 GMT
1 < Content-Type: application/json
1 < Transfer-Encoding: chunked
1 < Connection: keep-alive
1 < Access-Control-Allow-Origin: *
1 < Access-Control-Allow-Methods: GET, POST, DELETE, PUT
1 < Access-Control-Allow-Headers: Content-Type, api_key, Authorization
1 < Server: Jetty(9.2.9.v20150224)
{"id":101,"category":{"id":0,"name":"string"},"name":"doggie","photoUrls":["string"],"tags":[{"id":0,"name":"string"}],"status":"available"}

10:59:58.335 [main]  INFO  com.intuit.karate.Suite - <<pass>> feature 1 of 1 (0 remaining) src/test/java/Features/PetStore/Pet.feature
11:02:04.251 [main]  INFO  com.intuit.karate - Karate version: 1.2.0
11:02:04.513 [main]  INFO  com.intuit.karate.Suite - backed up existing 'target\karate-reports' dir to: target\karate-reports_1684339324510
11:02:04.534 [main]  INFO  c.intuit.karate.core.FeatureRuntime - found scenario at line: 28
11:02:06.251 [main]  DEBUG com.intuit.karate - request:
1 > PUT https://petstore.swagger.io/v2/pet
1 > Content-Type: application/json; charset=UTF-8
1 > Content-Length: 132
1 > Host: petstore.swagger.io
1 > Connection: Keep-Alive
1 > User-Agent: Apache-HttpClient/4.5.13 (Java/1.8.0_261)
1 > Accept-Encoding: gzip,deflate
{"id":0,"category":{"id":0,"name":"string"},"name":"dinky","photoUrls":["string"],"tags":[{"id":0,"name":"string"}],"status":"sold"}

11:02:14.264 [main]  DEBUG com.intuit.karate - response time in milliseconds: 8011
1 < 200
1 < Date: Wed, 17 May 2023 16:03:33 GMT
1 < Content-Type: application/json
1 < Transfer-Encoding: chunked
1 < Connection: keep-alive
1 < Access-Control-Allow-Origin: *
1 < Access-Control-Allow-Methods: GET, POST, DELETE, PUT
1 < Access-Control-Allow-Headers: Content-Type, api_key, Authorization
1 < Server: Jetty(9.2.9.v20150224)
{"id":9223372036854775807,"category":{"id":0,"name":"string"},"name":"dinky","photoUrls":["string"],"tags":[{"id":0,"name":"string"}],"status":"sold"}

11:02:15.162 [main]  INFO  com.intuit.karate.Suite - <<pass>> feature 1 of 1 (0 remaining) src/test/java/Features/PetStore/Pet.feature
11:02:41.293 [main]  INFO  com.intuit.karate - Karate version: 1.2.0
11:02:41.588 [main]  INFO  com.intuit.karate.Suite - backed up existing 'target\karate-reports' dir to: target\karate-reports_1684339361586
11:02:41.608 [main]  INFO  c.intuit.karate.core.FeatureRuntime - found scenario at line: 28
11:02:43.315 [main]  DEBUG com.intuit.karate - request:
1 > PUT https://petstore.swagger.io/v2/pet
1 > Content-Type: application/json; charset=UTF-8
1 > Content-Length: 134
1 > Host: petstore.swagger.io
1 > Connection: Keep-Alive
1 > User-Agent: Apache-HttpClient/4.5.13 (Java/1.8.0_261)
1 > Accept-Encoding: gzip,deflate
{"id":101,"category":{"id":0,"name":"string"},"name":"dinky","photoUrls":["string"],"tags":[{"id":0,"name":"string"}],"status":"sold"}

11:02:50.954 [main]  DEBUG com.intuit.karate - response time in milliseconds: 7637
1 < 200
1 < Date: Wed, 17 May 2023 16:04:10 GMT
1 < Content-Type: application/json
1 < Transfer-Encoding: chunked
1 < Connection: keep-alive
1 < Access-Control-Allow-Origin: *
1 < Access-Control-Allow-Methods: GET, POST, DELETE, PUT
1 < Access-Control-Allow-Headers: Content-Type, api_key, Authorization
1 < Server: Jetty(9.2.9.v20150224)
{"id":101,"category":{"id":0,"name":"string"},"name":"dinky","photoUrls":["string"],"tags":[{"id":0,"name":"string"}],"status":"sold"}

11:02:51.685 [main]  INFO  com.intuit.karate.Suite - <<pass>> feature 1 of 1 (0 remaining) src/test/java/Features/PetStore/Pet.feature
11:03:40.488 [main]  INFO  com.intuit.karate - Karate version: 1.2.0
11:03:40.801 [main]  INFO  com.intuit.karate.Suite - backed up existing 'target\karate-reports' dir to: target\karate-reports_1684339420766
11:03:40.842 [main]  INFO  c.intuit.karate.core.FeatureRuntime - found scenario at line: 42
11:03:41.846 [main]  ERROR com.intuit.karate - src/test/java/Features/PetStore/Pet.feature:51
And param status='sold'
no step-definition method match found for: param status='sold'
src/test/java/Features/PetStore/Pet.feature:51
11:03:42.757 [main]  INFO  com.intuit.karate.Suite - <<fail>> feature 1 of 1 (0 remaining) src/test/java/Features/PetStore/Pet.feature
11:04:05.968 [main]  INFO  com.intuit.karate - Karate version: 1.2.0
11:04:06.231 [main]  INFO  com.intuit.karate.Suite - backed up existing 'target\karate-reports' dir to: target\karate-reports_1684339446230
11:04:06.251 [main]  INFO  c.intuit.karate.core.FeatureRuntime - found scenario at line: 42
11:04:07.242 [main]  ERROR com.intuit.karate - src/test/java/Features/PetStore/Pet.feature:51
And param status='sold'
no step-definition method match found for: param status='sold'
src/test/java/Features/PetStore/Pet.feature:51
11:04:08.088 [main]  INFO  com.intuit.karate.Suite - <<fail>> feature 1 of 1 (0 remaining) src/test/java/Features/PetStore/Pet.feature
12:21:49.595 [main]  INFO  com.intuit.karate - Karate version: 1.2.0
12:21:49.921 [main]  INFO  com.intuit.karate.Suite - backed up existing 'target\karate-reports' dir to: target\karate-reports_1684344109870
12:21:49.980 [main]  INFO  c.intuit.karate.core.FeatureRuntime - found scenario at line: 42
12:21:51.040 [main]  ERROR com.intuit.karate - src/test/java/Features/PetStore/Pet.feature:51
And param status='sold'
no step-definition method match found for: param status='sold'
src/test/java/Features/PetStore/Pet.feature:51
12:21:52.068 [main]  INFO  com.intuit.karate.Suite - <<fail>> feature 1 of 1 (0 remaining) src/test/java/Features/PetStore/Pet.feature
12:23:33.965 [main]  INFO  com.intuit.karate - Karate version: 1.2.0
12:23:34.253 [main]  INFO  com.intuit.karate.Suite - backed up existing 'target\karate-reports' dir to: target\karate-reports_1684344214251
12:23:34.281 [main]  INFO  c.intuit.karate.core.FeatureRuntime - found scenario at line: 42
12:23:35.439 [main]  ERROR com.intuit.karate - src/test/java/Features/PetStore/Pet.feature:51
And param status ='sold'
no step-definition method match found for: param status ='sold'
src/test/java/Features/PetStore/Pet.feature:51
12:23:36.347 [main]  INFO  com.intuit.karate.Suite - <<fail>> feature 1 of 1 (0 remaining) src/test/java/Features/PetStore/Pet.feature
12:28:33.962 [main]  INFO  com.intuit.karate - Karate version: 1.2.0
12:28:34.229 [main]  INFO  com.intuit.karate.Suite - backed up existing 'target\karate-reports' dir to: target\karate-reports_1684344514227
12:28:34.248 [main]  INFO  c.intuit.karate.core.FeatureRuntime - found scenario at line: 42
12:28:35.295 [main]  ERROR com.intuit.karate - src/test/java/Features/PetStore/Pet.feature:51
And param status ='sold'
no step-definition method match found for: param status ='sold'
src/test/java/Features/PetStore/Pet.feature:51
12:28:36.229 [main]  INFO  com.intuit.karate.Suite - <<fail>> feature 1 of 1 (0 remaining) src/test/java/Features/PetStore/Pet.feature
12:34:02.205 [main]  INFO  com.intuit.karate - Karate version: 1.2.0
12:34:02.556 [main]  INFO  com.intuit.karate.Suite - backed up existing 'target\karate-reports' dir to: target\karate-reports_1684344842554
12:34:02.586 [main]  INFO  c.intuit.karate.core.FeatureRuntime - found scenario at line: 42
12:34:03.608 [main]  ERROR com.intuit.karate - src/test/java/Features/PetStore/Pet.feature:47
* body.status = status.sold
js failed:
>>>>
01: body.status = status.sold
<<<<
org.graalvm.polyglot.PolyglotException: ReferenceError: "status" is not defined
- <js>.:program(Unnamed:1)

src/test/java/Features/PetStore/Pet.feature:47
12:34:04.549 [main]  INFO  com.intuit.karate.Suite - <<fail>> feature 1 of 1 (0 remaining) src/test/java/Features/PetStore/Pet.feature
12:34:37.819 [main]  INFO  com.intuit.karate - Karate version: 1.2.0
12:34:38.089 [main]  INFO  com.intuit.karate.Suite - backed up existing 'target\karate-reports' dir to: target\karate-reports_1684344878087
12:34:38.116 [main]  INFO  c.intuit.karate.core.FeatureRuntime - found scenario at line: 28
12:34:39.974 [main]  DEBUG com.intuit.karate - request:
1 > PUT https://petstore.swagger.io/v2/pet
1 > Content-Type: application/json; charset=UTF-8
1 > Content-Length: 134
1 > Host: petstore.swagger.io
1 > Connection: Keep-Alive
1 > User-Agent: Apache-HttpClient/4.5.13 (Java/1.8.0_261)
1 > Accept-Encoding: gzip,deflate
{"id":101,"category":{"id":0,"name":"string"},"name":"dinky","photoUrls":["string"],"tags":[{"id":0,"name":"string"}],"status":"sold"}

12:34:40.721 [main]  DEBUG com.intuit.karate - response time in milliseconds: 732
1 < 200
1 < Date: Wed, 17 May 2023 17:36:00 GMT
1 < Content-Type: application/json
1 < Transfer-Encoding: chunked
1 < Connection: keep-alive
1 < Access-Control-Allow-Origin: *
1 < Access-Control-Allow-Methods: GET, POST, DELETE, PUT
1 < Access-Control-Allow-Headers: Content-Type, api_key, Authorization
1 < Server: Jetty(9.2.9.v20150224)
{"id":101,"category":{"id":0,"name":"string"},"name":"dinky","photoUrls":["string"],"tags":[{"id":0,"name":"string"}],"status":"sold"}

12:34:41.587 [main]  INFO  com.intuit.karate.Suite - <<pass>> feature 1 of 1 (0 remaining) src/test/java/Features/PetStore/Pet.feature
12:35:07.396 [main]  INFO  com.intuit.karate - Karate version: 1.2.0
12:35:07.690 [main]  INFO  com.intuit.karate.Suite - backed up existing 'target\karate-reports' dir to: target\karate-reports_1684344907687
12:35:07.716 [main]  INFO  c.intuit.karate.core.FeatureRuntime - found scenario at line: 42
12:35:08.820 [main]  ERROR com.intuit.karate - src/test/java/Features/PetStore/Pet.feature:51
And param status ='sold'
no step-definition method match found for: param status ='sold'
src/test/java/Features/PetStore/Pet.feature:51
12:35:09.986 [main]  INFO  com.intuit.karate.Suite - <<fail>> feature 1 of 1 (0 remaining) src/test/java/Features/PetStore/Pet.feature
